<?xml version="1.0" encoding="UTF-8"?>
<testng-results ignored="0" total="1" passed="1" failed="0" skipped="0">
  <reporter-output>
  </reporter-output>
  <suite started-at="2023-07-28T08:44:00 IST" name="Default suite" finished-at="2023-07-28T08:44:09 IST" duration-ms="8490">
    <groups>
    </groups>
    <test started-at="2023-07-28T08:44:00 IST" name="Default test" finished-at="2023-07-28T08:44:09 IST" duration-ms="8490">
      <class name="testNG.Alerts">
        <test-method is-config="true" signature="beforeTest()[pri:0, instance:testNG.Alerts@7219ec67]" started-at="2023-07-28T08:44:00 IST" name="beforeTest" finished-at="2023-07-28T08:44:06 IST" duration-ms="5119" status="PASS">
          <reporter-output>
          </reporter-output>
        </test-method> <!-- beforeTest -->
        <test-method signature="clickAlert()[pri:0, instance:testNG.Alerts@7219ec67]" started-at="2023-07-28T08:44:06 IST" name="clickAlert" finished-at="2023-07-28T08:44:09 IST" duration-ms="3089" status="PASS">
          <reporter-output>
          </reporter-output>
        </test-method> <!-- clickAlert -->
        <test-method is-config="true" signature="afterTest()[pri:0, instance:testNG.Alerts@7219ec67]" started-at="2023-07-28T08:44:09 IST" name="afterTest" finished-at="2023-07-28T08:44:09 IST" duration-ms="243" status="PASS">
          <reporter-output>
          </reporter-output>
        </test-method> <!-- afterTest -->
      </class> <!-- testNG.Alerts -->
    </test> <!-- Default test -->
  </suite> <!-- Default suite -->
</testng-results>
